2025-09-21 15:58:36 - redstorm - INFO - startup_event:71 - Redis cache manager connected
2025-09-21 15:58:43 - redstorm.database - ERROR - _initialize_schema:232 - Schema initialization error: syntax error at or near "references"
2025-09-21 15:58:43 - redstorm.database - ERROR - connect:55 - Database connection error: syntax error at or near "references"
2025-09-21 15:58:43 - redstorm - ERROR - startup_event:84 - Startup error: syntax error at or near "references"
2025-09-21 16:09:02 - redstorm - INFO - startup_event:71 - Redis cache manager connected
2025-09-21 16:09:08 - redstorm.database - INFO - _initialize_schema:220 - PostgreSQL schema initialized
2025-09-21 16:09:08 - redstorm.database - INFO - connect:49 - Connected to Neon PostgreSQL database
2025-09-21 16:09:08 - redstorm - INFO - startup_event:75 - Database manager connected
2025-09-21 16:09:08 - redstorm - ERROR - startup_event:84 - Startup error: 'AgentOrchestrator' object has no attribute 'test_tools_availability'
2025-09-21 16:09:15 - redstorm - INFO - startup_event:71 - Redis cache manager connected
2025-09-21 16:09:21 - redstorm.database - ERROR - _initialize_schema:222 - Schema initialization error: trigger "update_assessments_updated_at" for relation "assessments" already exists
2025-09-21 16:09:21 - redstorm.database - ERROR - connect:51 - Database connection error: trigger "update_assessments_updated_at" for relation "assessments" already exists
2025-09-21 16:09:21 - redstorm - ERROR - startup_event:84 - Startup error: trigger "update_assessments_updated_at" for relation "assessments" already exists
2025-09-21 16:16:24 - redstorm - INFO - startup_event:71 - Redis cache manager connected
2025-09-21 16:16:31 - redstorm.database - INFO - _initialize_schema:219 - PostgreSQL schema initialized
2025-09-21 16:16:31 - redstorm.database - INFO - connect:46 - Connected to Neon PostgreSQL database
2025-09-21 16:16:31 - redstorm - INFO - startup_event:75 - Database manager connected
2025-09-21 16:16:31 - redstorm - ERROR - startup_event:84 - Startup error: 'AgentOrchestrator' object has no attribute 'test_tools_availability'
2025-09-21 16:16:38 - redstorm - INFO - startup_event:71 - Redis cache manager connected
2025-09-21 16:17:06 - redstorm.database - INFO - _initialize_schema:219 - PostgreSQL schema initialized
2025-09-21 16:17:06 - redstorm.database - INFO - connect:46 - Connected to Neon PostgreSQL database
2025-09-21 16:17:06 - redstorm - INFO - startup_event:75 - Database manager connected
2025-09-21 16:17:06 - redstorm - ERROR - startup_event:84 - Startup error: 'AgentOrchestrator' object has no attribute 'test_tools_availability'
2025-09-21 16:21:10 - redstorm - INFO - startup_event:71 - Redis cache manager connected
2025-09-21 16:21:17 - redstorm.database - INFO - _initialize_schema:219 - PostgreSQL schema initialized
2025-09-21 16:21:17 - redstorm.database - INFO - connect:46 - Connected to Neon PostgreSQL database
2025-09-21 16:21:17 - redstorm - INFO - startup_event:75 - Database manager connected
2025-09-21 16:21:17 - redstorm - INFO - startup_event:81 - RedStorm backend initialized successfully
2025-09-21 16:21:18 - redstorm.database - INFO - disconnect:55 - Disconnected from PostgreSQL database
2025-09-21 16:21:18 - redstorm - INFO - shutdown_event:93 - RedStorm backend shutdown completed
2025-09-21 16:21:25 - redstorm - INFO - startup_event:71 - Redis cache manager connected
2025-09-21 16:21:55 - redstorm.database - ERROR - connect:48 - Database connection error: connection was closed in the middle of operation
2025-09-21 16:21:55 - redstorm - ERROR - startup_event:84 - Startup error: connection was closed in the middle of operation
2025-09-21 16:25:18 - redstorm - INFO - startup_event:71 - Redis cache manager connected
2025-09-21 16:25:24 - redstorm.database - INFO - _initialize_schema:219 - PostgreSQL schema initialized
2025-09-21 16:25:24 - redstorm.database - INFO - connect:46 - Connected to Neon PostgreSQL database
2025-09-21 16:25:24 - redstorm - INFO - startup_event:75 - Database manager connected
2025-09-21 16:25:24 - redstorm - INFO - startup_event:81 - RedStorm backend initialized successfully
2025-09-21 16:25:24 - redstorm.database - INFO - disconnect:55 - Disconnected from PostgreSQL database
2025-09-21 16:25:24 - redstorm - INFO - shutdown_event:93 - RedStorm backend shutdown completed
2025-09-21 16:25:25 - redstorm - INFO - startup_event:71 - Redis cache manager connected
2025-09-21 16:25:25 - redstorm.database - ERROR - connect:47 - Database connection error: [Errno 111] Connection refused
2025-09-21 16:25:25 - redstorm - ERROR - startup_event:84 - Startup error: [Errno 111] Connection refused
2025-09-21 16:25:29 - redstorm - INFO - startup_event:71 - Redis cache manager connected
2025-09-21 16:25:33 - redstorm.database - INFO - _initialize_schema:219 - PostgreSQL schema initialized
2025-09-21 16:25:33 - redstorm.database - INFO - connect:46 - Connected to Neon PostgreSQL database
2025-09-21 16:25:33 - redstorm - INFO - startup_event:75 - Database manager connected
2025-09-21 16:25:33 - redstorm - INFO - startup_event:81 - RedStorm backend initialized successfully
2025-09-21 16:28:04 - redstorm.database - INFO - disconnect:55 - Disconnected from PostgreSQL database
2025-09-21 16:28:04 - redstorm - INFO - shutdown_event:93 - RedStorm backend shutdown completed
2025-09-21 16:28:10 - redstorm - INFO - startup_event:71 - Redis cache manager connected
2025-09-21 16:28:18 - redstorm.database - INFO - _initialize_schema:219 - PostgreSQL schema initialized
2025-09-21 16:28:19 - redstorm.database - INFO - connect:46 - Connected to Neon PostgreSQL database
2025-09-21 16:28:19 - redstorm - INFO - startup_event:75 - Database manager connected
2025-09-21 16:28:19 - redstorm - INFO - startup_event:81 - RedStorm backend initialized successfully
